app/build/outputs/mapping/release/seeds.txt
com.deeshant.deeshantsbnri.R$id: int notification_background
com.deeshant.deeshantsbnri.R$id: int SYM
com.deeshant.deeshantsbnri.R$id: int view_offset_helper
com.deeshant.deeshantsbnri.ui.base.BaseItemViewModel
com.deeshant.deeshantsbnri.R$id: int tv_perm_admin
com.deeshant.deeshantsbnri.R$id: int parentPanel
com.deeshant.deeshantsbnri.R$id: int container
com.deeshant.deeshantsbnri.R$id: int transition_current_scene
com.deeshant.deeshantsbnri.R$id: int tv_name
com.deeshant.deeshantsbnri.R$id: int uniform
com.deeshant.deeshantsbnri.R$id: int dimensions
com.deeshant.deeshantsbnri.R$id: int text_input_password_toggle
com.deeshant.deeshantsbnri.R$id: int design_menu_item_action_area
com.deeshant.deeshantsbnri.R$id: int exitUntilCollapsed
com.deeshant.deeshantsbnri.R$id: int fixed
com.deeshant.deeshantsbnri.R$id: int search_bar
com.deeshant.deeshantsbnri.R$id: int title_template
com.deeshant.deeshantsbnri.R$id: int action_mode_close_button
com.deeshant.deeshantsbnri.R$id: int tabMode
com.deeshant.deeshantsbnri.R$id: int expanded_menu
com.deeshant.deeshantsbnri.R$id: int enterAlways
com.deeshant.deeshantsbnri.R$id: int action_bar_root
com.deeshant.deeshantsbnri.R$id: int add
com.deeshant.deeshantsbnri.R$id: int ifRoom
com.deeshant.deeshantsbnri.R$id: int tag_unhandled_key_event_manager
com.deeshant.deeshantsbnri.R$id: int tv_license_name
com.deeshant.deeshantsbnri.R$id: int transition_transform
com.deeshant.deeshantsbnri.R$id: int outline
com.deeshant.deeshantsbnri.R$id: int clip_vertical
com.deeshant.deeshantsbnri.ui.base.BaseActivity
com.deeshant.deeshantsbnri.R$id: int smallLabel
com.deeshant.deeshantsbnri.R$id: int default_activity_button
com.deeshant.deeshantsbnri.R$id: int search_close_btn
com.deeshant.deeshantsbnri.R$id: int action_mode_bar
com.deeshant.deeshantsbnri.R$id: int search_voice_btn
com.deeshant.deeshantsbnri.R$id: int top
com.deeshant.deeshantsbnri.R$id: int submit_area
com.deeshant.deeshantsbnri.R$id: int action_bar
com.deeshant.deeshantsbnri.ui.dummies.DummyItemViewModel
com.deeshant.deeshantsbnri.ui.base.BaseAdapter$1: void onParentStart()
com.deeshant.deeshantsbnri.R$id: int design_menu_item_action_area_stub
com.deeshant.deeshantsbnri.R$id: int icon_group
com.deeshant.deeshantsbnri.R$id: int src_atop
com.deeshant.deeshantsbnri.R$id: int forever
com.deeshant.deeshantsbnri.R$id: int transition_scene_layoutid_cache
com.deeshant.deeshantsbnri.R$id: int activity_chooser_view_content
com.deeshant.deeshantsbnri.R$id: int notification_main_column
com.deeshant.deeshantsbnri.R$id: int spread
com.deeshant.deeshantsbnri.R$id: int chains
com.deeshant.deeshantsbnri.R$id: int titleDividerNoCustom
com.deeshant.deeshantsbnri.R$id: int META
com.deeshant.deeshantsbnri.R$id: int snackbar_text
com.deeshant.deeshantsbnri.R$id: int rv_dummy
com.deeshant.deeshantsbnri.R$id: int home
com.deeshant.deeshantsbnri.data.local.db.DatabaseService: DatabaseService()
com.deeshant.deeshantsbnri.R$id: int src_over
com.deeshant.deeshantsbnri.R$id: int unlabeled
com.deeshant.deeshantsbnri.R$id: int action_mode_bar_stub
com.deeshant.deeshantsbnri.R$id: int search_plate
com.deeshant.deeshantsbnri.R$id: int showCustom
com.deeshant.deeshantsbnri.SbnApplication
com.deeshant.deeshantsbnri.ui.base.BaseAdapter$1: void onParentStop()
com.deeshant.deeshantsbnri.R$id: int textinput_error
com.deeshant.deeshantsbnri.R$id: int mtrl_child_content_container
com.deeshant.deeshantsbnri.R$id: int fill
com.deeshant.deeshantsbnri.R$id: int withText
com.deeshant.deeshantsbnri.R$id: int customPanel
com.deeshant.deeshantsbnri.R$id: int snap
com.deeshant.deeshantsbnri.R$id: int enterAlwaysCollapsed
com.deeshant.deeshantsbnri.R$id: int radio
com.deeshant.deeshantsbnri.data.local.db.DatabaseService_Impl: DatabaseService_Impl()
com.deeshant.deeshantsbnri.R$id: int text2
com.deeshant.deeshantsbnri.R$id: int italic
com.deeshant.deeshantsbnri.R$id: int action_divider
com.deeshant.deeshantsbnri.R$id: int useLogo
com.deeshant.deeshantsbnri.R$id: int snapMargins
...
androidx.appcompat.R$style: int Widget_AppCompat_Light_ListView_DropDown
androidx.constraintlayout.widget.R$styleable: int ConstraintLayout_Layout_android_maxHeight
androidx.appcompat.R$styleable: int MenuView_subMenuArrow
androidx.constraintlayout.widget.R$styleable: int ConstraintLayout_Layout_layout_constraintStart_toStartOf
androidx.constraintlayout.widget.ConstraintLayout: void setMaxWidth(int)
com.google.android.material.internal.NavigationMenuItemView: void setChecked(boolean)
com.google.android.material.R$attr: int windowMinWidthMinor
androidx.appcompat.widget.LinearLayoutCompat: LinearLayoutCompat(android.content.Context)
androidx.appcompat.R$dimen: int abc_edit_text_inset_bottom_material
androidx.appcompat.widget.ScrollingTabContainerView: void setAllowCollapse(boolean)
androidx.appcompat.widget.ActionBarContextView: void setTitle(java.lang.CharSequence)
androidx.coordinatorlayout.widget.CoordinatorLayout$Behavior: CoordinatorLayout$Behavior(android.content.Context,android.util.AttributeSet)
androidx.appcompat.R$styleable: int AppCompatTheme_buttonBarNegativeButtonStyle
androidx.appcompat.R$drawable: int abc_ic_menu_paste_mtrl_am_alpha
androidx.appcompat.R$attr: int srcCompat
androidx.transition.R$id: int actions
com.google.android.material.R$style: int Widget_AppCompat_Button_Colored
com.google.android.material.R$styleable: int TextInputLayout_boxStrokeWidth
com.google.android.material.R$attr: int multiChoiceItemLayout
androidx.appcompat.R$color: int primary_material_light
com.google.android.material.R$style: int Widget_AppCompat_Light_ActionBar
androidx.appcompat.R$attr: int paddingEnd
androidx.recyclerview.R$styleable: int GradientColorItem_android_offset
com.google.android.material.R$attr: int actionModeShareDrawable
com.google.android.material.R$styleable: int AppCompatTheme_panelMenuListTheme
com.google.android.material.R$styleable: int AppCompatTextView_autoSizeTextType
androidx.appcompat.R$string: int abc_font_family_display_2_material
com.google.android.material.R$styleable: int AppCompatTheme_listChoiceBackgroundIndicator
androidx.appcompat.R$attr: int layout_behavior
androidx.coordinatorlayout.widget.CoordinatorLayout: android.graphics.drawable.Drawable getStatusBarBackground()
androidx.appcompat.R$attr: int actionBarPopupTheme
androidx.appcompat.widget.Toolbar: void setSubtitleTextColor(int)
com.google.android.material.snackbar.SnackbarContentLayout: android.widget.Button getActionView()
androidx.appcompat.R$styleable: int AppCompatTheme_seekBarStyle
androidx.constraintlayout.widget.R$styleable: int ConstraintSet_layout_constraintStart_toStartOf
androidx.appcompat.R$attr: int buttonTintMode
com.google.android.material.R$styleable: int ActionBar_displayOptions
com.google.android.material.R$styleable: int MaterialComponentsTheme_editTextStyle
com.google.android.material.R$styleable: int Chip_android_maxWidth
com.google.android.material.R$dimen: int notification_large_icon_width
androidx.coordinatorlayout.R$style: int TextAppearance_Compat_Notification_Line2
com.google.android.material.R$styleable: int ViewStubCompat_android_id
androidx.appcompat.widget.AbsActionBarView: int getAnimatedVisibility()
androidx.appcompat.R$dimen: int abc_progress_bar_height_material
androidx.constraintlayout.widget.R$styleable: int ConstraintLayout_Layout_layout_constraintBottom_toBottomOf
com.google.android.material.R$attr: int homeLayout
com.google.android.material.R$dimen: int mtrl_bottomappbar_fab_cradle_vertical_offset
androidx.appcompat.widget.SearchView: void setQueryRefinementEnabled(boolean)
androidx.appcompat.R$color: int secondary_text_default_material_light
com.google.android.material.R$styleable: int ActionBar_elevation
com.google.android.material.R$id: int content
androidx.constraintlayout.widget.R$styleable: int ConstraintSet_android_translationZ
androidx.appcompat.R$styleable: int AnimatedStateListDrawableCompat_android_enterFadeDuration
androidx.appcompat.R$attr: int actionModeWebSearchDrawable