app/build/outputs/mapping/release/mapping.txt
# compiler: R8
# compiler_version: 1.6.82
# min_api: 21
# pg_map_id: 2f3bd92
# common_typos_disable
com.deeshant.deeshantsbnri.R$id -> com.deeshant.deeshantsbnri.a:
com.deeshant.deeshantsbnri.SbnApplication -> com.deeshant.deeshantsbnri.SbnApplication:
    com.deeshant.deeshantsbnri.di.component.ApplicationComponent applicationComponent -> b
    com.deeshant.deeshantsbnri.di.component.ApplicationComponent getApplicationComponent() -> a
    void injectDependencies() -> b
com.deeshant.deeshantsbnri.data.local.db.Converter -> com.deeshant.deeshantsbnri.data.local.db.a:
    com.google.gson.Gson gson -> a
    java.lang.String PermToString(com.deeshant.deeshantsbnri.data.local.db.entity.Permisions) -> a
    java.lang.String nestedDataToString(com.deeshant.deeshantsbnri.data.local.db.entity.License) -> a
    com.deeshant.deeshantsbnri.data.local.db.entity.License stringToNestedData(java.lang.String) -> a
    com.deeshant.deeshantsbnri.data.local.db.entity.Permisions stringToPerm(java.lang.String) -> b
com.deeshant.deeshantsbnri.data.local.db.Converter$PermToString$type$1 -> com.deeshant.deeshantsbnri.data.local.db.a$a:
com.deeshant.deeshantsbnri.data.local.db.Converter$nestedDataToString$type$1 -> com.deeshant.deeshantsbnri.data.local.db.a$b:
com.deeshant.deeshantsbnri.data.local.db.Converter$stringToNestedData$type$1 -> com.deeshant.deeshantsbnri.data.local.db.a$c:
com.deeshant.deeshantsbnri.data.local.db.Converter$stringToPerm$type$1 -> com.deeshant.deeshantsbnri.data.local.db.a$d:
com.deeshant.deeshantsbnri.data.local.db.DatabaseService -> com.deeshant.deeshantsbnri.data.local.db.DatabaseService:
    com.deeshant.deeshantsbnri.data.local.db.dao.DummyDao dummyDao() -> k
com.deeshant.deeshantsbnri.data.local.db.DatabaseService_Impl -> com.deeshant.deeshantsbnri.data.local.db.DatabaseService_Impl:
    com.deeshant.deeshantsbnri.data.local.db.dao.DummyDao _dummyDao -> i
    java.util.List access$000(com.deeshant.deeshantsbnri.data.local.db.DatabaseService_Impl) -> a
    androidx.sqlite.db.SupportSQLiteDatabase access$302(com.deeshant.deeshantsbnri.data.local.db.DatabaseService_Impl,androidx.sqlite.db.SupportSQLiteDatabase) -> a
    androidx.sqlite.db.SupportSQLiteOpenHelper createOpenHelper(androidx.room.DatabaseConfiguration) -> a
    java.util.List access$100(com.deeshant.deeshantsbnri.data.local.db.DatabaseService_Impl) -> b
    void access$400(com.deeshant.deeshantsbnri.data.local.db.DatabaseService_Impl,androidx.sqlite.db.SupportSQLiteDatabase) -> b
    java.util.List access$200(com.deeshant.deeshantsbnri.data.local.db.DatabaseService_Impl) -> c
    androidx.room.InvalidationTracker createInvalidationTracker() -> c
    java.util.List access$500(com.deeshant.deeshantsbnri.data.local.db.DatabaseService_Impl) -> d
    java.util.List access$600(com.deeshant.deeshantsbnri.data.local.db.DatabaseService_Impl) -> e
    java.util.List access$700(com.deeshant.deeshantsbnri.data.local.db.DatabaseService_Impl) -> f
    com.deeshant.deeshantsbnri.data.local.db.dao.DummyDao dummyDao() -> k
com.deeshant.deeshantsbnri.data.local.db.DatabaseService_Impl$1 -> com.deeshant.deeshantsbnri.data.local.db.DatabaseService_Impl$a:
    com.deeshant.deeshantsbnri.data.local.db.DatabaseService_Impl this$0 -> b
    void createAllTables(androidx.sqlite.db.SupportSQLiteDatabase) -> a
    void dropAllTables(androidx.sqlite.db.SupportSQLiteDatabase) -> b
    void onCreate(androidx.sqlite.db.SupportSQLiteDatabase) -> c
    void onOpen(androidx.sqlite.db.SupportSQLiteDatabase) -> d
    void validateMigration(androidx.sqlite.db.SupportSQLiteDatabase) -> e
com.deeshant.deeshantsbnri.data.local.db.dao.DummyDao -> com.deeshant.deeshantsbnri.data.local.db.b.a:
    void createAll(java.util.List) -> a
    io.reactivex.Single getAll() -> a
...
androidx.vectordrawable.graphics.drawable.VectorDrawableCompat$VGroup -> a.q.a.a.i$d:
    android.graphics.Matrix mLocalMatrix -> j
    float mTranslateY -> i
    float mTranslateX -> h
    float mScaleY -> g
    int mChangingConfigurations -> k
    float mScaleX -> f
    java.lang.String mGroupName -> m
    float mPivotY -> e
    float mPivotX -> d
    float mRotate -> c
    java.util.ArrayList mChildren -> b
    android.graphics.Matrix mStackedMatrix -> a
    int[] mThemeAttrs -> l
    void inflate(android.content.res.Resources,android.util.AttributeSet,android.content.res.Resources$Theme,org.xmlpull.v1.XmlPullParser) -> a
    boolean isStateful() -> a
    boolean onStateChanged(int[]) -> a
    void updateStateFromTypedArray(android.content.res.TypedArray,org.xmlpull.v1.XmlPullParser) -> a
    void updateLocalMatrix() -> b
androidx.vectordrawable.graphics.drawable.VectorDrawableCompat$VObject -> a.q.a.a.i$e:
    boolean isStateful() -> a
    boolean onStateChanged(int[]) -> a
androidx.vectordrawable.graphics.drawable.VectorDrawableCompat$VPath -> a.q.a.a.i$f:
    androidx.core.graphics.PathParser$PathDataNode[] mNodes -> a
    java.lang.String mPathName -> b
    int mChangingConfigurations -> c
    void toPath(android.graphics.Path) -> a
    boolean isClipPath() -> b
androidx.vectordrawable.graphics.drawable.VectorDrawableCompat$VPathRenderer -> a.q.a.a.i$g:
    android.graphics.Path mPath -> a
    float mViewportHeight -> l
    float mViewportWidth -> k
    float mBaseHeight -> j
    androidx.vectordrawable.graphics.drawable.VectorDrawableCompat$VGroup mRootGroup -> h
    float mBaseWidth -> i
    int mRootAlpha -> m
    java.lang.Boolean mIsStateful -> o
    int mChangingConfigurations -> g
    java.lang.String mRootName -> n
    android.graphics.Matrix IDENTITY_MATRIX -> q
    android.graphics.Path mRenderPath -> b
    androidx.collection.ArrayMap mVGTargetsMap -> p
    android.graphics.PathMeasure mPathMeasure -> f
    android.graphics.Paint mFillPaint -> e
    android.graphics.Paint mStrokePaint -> d
    android.graphics.Matrix mFinalPathMatrix -> c
    float cross(float,float,float,float) -> a
    void draw(android.graphics.Canvas,int,int,android.graphics.ColorFilter) -> a
    void drawGroupTree(androidx.vectordrawable.graphics.drawable.VectorDrawableCompat$VGroup,android.graphics.Matrix,android.graphics.Canvas,int,int,android.graphics.ColorFilter) -> a
    void drawPath(androidx.vectordrawable.graphics.drawable.VectorDrawableCompat$VGroup,androidx.vectordrawable.graphics.drawable.VectorDrawableCompat$VPath,android.graphics.Canvas,int,int,android.graphics.ColorFilter) -> a
    float getMatrixScale(android.graphics.Matrix) -> a
    boolean isStateful() -> a
    boolean onStateChanged(int[]) -> a
androidx.vectordrawable.graphics.drawable.VectorDrawableCompat$VectorDrawableCompatState -> a.q.a.a.i$h:
    android.content.res.ColorStateList mTint -> c
    boolean mCachedAutoMirrored -> j
    android.graphics.PorterDuff$Mode mCachedTintMode -> h
    boolean mCacheDirty -> k
    int mCachedRootAlpha -> i
    androidx.vectordrawable.graphics.drawable.VectorDrawableCompat$VPathRenderer mVPathRenderer -> b
    boolean mAutoMirrored -> e
    android.graphics.Bitmap mCachedBitmap -> f
    android.content.res.ColorStateList mCachedTint -> g
    android.graphics.PorterDuff$Mode mTintMode -> d
    android.graphics.Paint mTempPaint -> l
    int mChangingConfigurations -> a
    boolean canReuseBitmap(int,int) -> a
    boolean canReuseCache() -> a
    void drawCachedBitmapWithRootAlpha(android.graphics.Canvas,android.graphics.ColorFilter,android.graphics.Rect) -> a
    android.graphics.Paint getPaint(android.graphics.ColorFilter) -> a
    boolean onStateChanged(int[]) -> a
    void createCachedBitmapIfNeeded(int,int) -> b
    boolean hasTranslucentRoot() -> b
    boolean isStateful() -> c
    void updateCachedBitmap(int,int) -> c
    void updateCacheStates() -> d