app/build/outputs/mapping/release/usage.txt
com.deeshant.deeshantsbnri.SbnApplication:
    public final void setApplicationComponent(com.deeshant.deeshantsbnri.di.component.ApplicationComponent)
com.deeshant.deeshantsbnri.utils.common.Resource:
    public static synthetic com.deeshant.deeshantsbnri.utils.common.Resource copy$default(com.deeshant.deeshantsbnri.utils.common.Resource,com.deeshant.deeshantsbnri.utils.common.Status,java.lang.Object,int,java.lang.Object)
    public final com.deeshant.deeshantsbnri.utils.common.Status getStatus()
    public final com.deeshant.deeshantsbnri.utils.common.Status component1()
    public final java.lang.Object component2()
    public final com.deeshant.deeshantsbnri.utils.common.Resource copy(com.deeshant.deeshantsbnri.utils.common.Status,java.lang.Object)
com.deeshant.deeshantsbnri.utils.rx.SchedulerProvider:
    public abstract io.reactivex.Scheduler computation()
    public abstract io.reactivex.Scheduler ui()
com.deeshant.deeshantsbnri.ui.dummies.DummyItemViewModel_Factory
com.deeshant.deeshantsbnri.ui.splash.SplashActivity_MembersInjector
com.deeshant.deeshantsbnri.utils.common.Event:
    private final java.lang.Object component1()
    public static synthetic com.deeshant.deeshantsbnri.utils.common.Event copy$default(com.deeshant.deeshantsbnri.utils.common.Event,java.lang.Object,int,java.lang.Object)
    public final java.lang.Object peek()
    public final com.deeshant.deeshantsbnri.utils.common.Event copy(java.lang.Object)
com.deeshant.deeshantsbnri.data.local.db.entity.License:
    public void <init>(java.lang.String,java.lang.String,java.lang.String,java.lang.String,java.lang.String)
    public static synthetic com.deeshant.deeshantsbnri.data.local.db.entity.License copy$default(com.deeshant.deeshantsbnri.data.local.db.entity.License,java.lang.String,java.lang.String,java.lang.String,java.lang.String,java.lang.String,int,java.lang.Object)
    public final java.lang.String getKey()
    public final java.lang.String component1()
    public final java.lang.String component2()
    public final java.lang.String component3()
    public final java.lang.String component4()
    public final java.lang.String component5()
    public final com.deeshant.deeshantsbnri.data.local.db.entity.License copy(java.lang.String,java.lang.String,java.lang.String,java.lang.String,java.lang.String)
com.deeshant.deeshantsbnri.utils.common.Resource$Companion:
    public static synthetic com.deeshant.deeshantsbnri.utils.common.Resource success$default(com.deeshant.deeshantsbnri.utils.common.Resource$Companion,java.lang.Object,int,java.lang.Object)
    public static synthetic com.deeshant.deeshantsbnri.utils.common.Resource unknown$default(com.deeshant.deeshantsbnri.utils.common.Resource$Companion,java.lang.Object,int,java.lang.Object)
    public final com.deeshant.deeshantsbnri.utils.common.Resource unknown(java.lang.Object)
com.deeshant.deeshantsbnri.utils.rx.RxSchedulerProvider:
    public io.reactivex.Scheduler computation()
    public io.reactivex.Scheduler ui()
com.deeshant.deeshantsbnri.R$styleable
com.deeshant.deeshantsbnri.ui.base.BaseAdapter:
    public static final synthetic void access$setRecyclerView$p(com.deeshant.deeshantsbnri.ui.base.BaseAdapter,androidx.recyclerview.widget.RecyclerView)
com.deeshant.deeshantsbnri.R$style
com.deeshant.deeshantsbnri.ui.dummy.DummyActivity:
    public android.view.View _$_findCachedViewById(int)
    public void _$_clearFindViewByIdCache()
    private java.util.HashMap _$_findViewCache
    public static final java.lang.String TAG
com.deeshant.deeshantsbnri.ui.dummy.DummyActivity_MembersInjector
com.deeshant.deeshantsbnri.R$drawable
...
com.google.android.material.bottomnavigation.BottomNavigationPresenter$SavedState
kotlin.collections.unsigned.UArraysKt___UArraysJvmKt
androidx.recyclerview.widget.StaggeredGridLayoutManager:
    public void <init>(int,int)
    public int getGapStrategy()
    public void setGapStrategy(int)
    public int getSpanCount()
    public boolean getReverseLayout()
    public int[] findFirstVisibleItemPositions(int[])
    public int[] findFirstCompletelyVisibleItemPositions(int[])
    public int[] findLastVisibleItemPositions(int[])
    public int[] findLastCompletelyVisibleItemPositions(int[])
    public android.graphics.PointF computeScrollVectorForPosition(int)
    public void smoothScrollToPosition(androidx.recyclerview.widget.RecyclerView,androidx.recyclerview.widget.RecyclerView$State,int)
    public void scrollToPosition(int)
    public void scrollToPositionWithOffset(int,int)
    public int getOrientation()
    private static final java.lang.String TAG
    static final boolean DEBUG
    public static final int HORIZONTAL
    public static final int VERTICAL
    public static final int GAP_HANDLING_NONE
    public static final int GAP_HANDLING_LAZY
    public static final int GAP_HANDLING_MOVE_ITEMS_BETWEEN_SPANS
    static final int INVALID_OFFSET
    private static final float MAX_SCROLL_FACTOR
androidx.core.widget.ContentLoadingProgressBar$1
kotlin.collections.AbstractMap$values$1$iterator$1
io.reactivex.internal.operators.completable.CompletableTakeUntilCompletable
androidx.appcompat.widget.ActivityChooserModel
androidx.viewpager.widget.ViewPager$PagerObserver
io.reactivex.internal.operators.maybe.MaybeFlatMapSingle$FlatMapSingleObserver
androidx.core.util.ObjectsCompat:
    private void <init>()
    public static int hashCode(java.lang.Object)
android.support.v4.os.ResultReceiver$1
androidx.annotation.WorkerThread
androidx.room.rxjava2.R$string
io.reactivex.SingleOperator
io.reactivex.internal.operators.mixed.MaybeFlatMapPublisher$FlatMapPublisherSubscriber
io.reactivex.internal.operators.observable.ObservableInternalHelper$ObserverOnComplete
io.reactivex.internal.operators.observable.ObservableWindowBoundary
com.google.android.material.snackbar.Snackbar$1
io.reactivex.internal.operators.mixed.SingleFlatMapObservable$FlatMapObserver
androidx.coordinatorlayout.R$integer
io.reactivex.internal.operators.flowable.FlowableWindowTimed$WindowExactBoundedSubscriber
io.reactivex.internal.operators.observable.ObservableRetryBiPredicate
okhttp3.internal.http.RequestLine:
    private void <init>()
io.reactivex.Scheduler$DisposeTask:
    public java.lang.Runnable getWrappedRunnable()
io.reactivex.processors.ReplayProcessor$UnboundedReplayBuffer
io.reactivex.internal.operators.maybe.MaybeDoFinally$DoFinallyObserver
kotlin.internal.NoInfer
io.reactivex.internal.operators.flowable.FlowableCountSingle$CountSubscriber
androidx.fragment.app.FragmentTabHost$SavedState$1
io.reactivex.internal.operators.flowable.FlowableRetryWhen$RetryWhenSubscriber
androidx.appcompat.widget.AppCompatCheckBox:
    public void <init>(android.content.Context)
io.reactivex.internal.operators.single.SingleFromPublisher$ToSingleObserver
io.reactivex.subjects.MaybeSubject
io.reactivex.internal.operators.observable.ObservableBufferBoundary$BufferBoundaryObserver
io.reactivex.internal.operators.maybe.MaybeTimeoutPublisher$TimeoutMainMaybeObserver
androidx.recyclerview.widget.RecyclerView$State:
    androidx.recyclerview.widget.RecyclerView$State reset()
    public boolean isMeasuring()
    public boolean willRunSimpleAnimations()
    public void remove(int)
    public java.lang.Object get(int)
    public void put(int,java.lang.Object)
    public boolean didStructureChange()
    public int getRemainingScrollHorizontal()
    public int getRemainingScrollVertical()
    static final int STEP_START
    static final int STEP_LAYOUT
    static final int STEP_ANIMATIONS
kotlin.jvm.internal.DoubleCompanionObject
kotlin.collections.GroupingKt__GroupingKt